<?xml version="1.0" encoding="UTF-8" ?>
<testsuite tests="7" failures="0" name="uk.gov.dwp.uc.pairtest.TicketServiceImplTest" time="0.011" errors="0" skipped="0">
  <properties>
    <property name="java.runtime.name" value="OpenJDK Runtime Environment"/>
    <property name="java.vm.version" value="17.0.7+7"/>
    <property name="sun.boot.library.path" value="/usr/lib/jvm/java-17-openjdk-17.0.7.0.7-5.fc37.x86_64/lib"/>
    <property name="maven.multiModuleProjectDirectory" value="/home/georgejezerniczky/cinema-ticket-java"/>
    <property name="java.vm.vendor" value="Red Hat, Inc."/>
    <property name="java.vendor.url" value="https://www.redhat.com/"/>
    <property name="guice.disable.misplaced.annotation.check" value="true"/>
    <property name="path.separator" value=":"/>
    <property name="java.vm.name" value="OpenJDK 64-Bit Server VM"/>
    <property name="user.country" value="GB"/>
    <property name="sun.java.launcher" value="SUN_STANDARD"/>
    <property name="test" value="uk.gov.dwp.uc.pairtest.TicketServiceImplTest"/>
    <property name="java.vm.specification.name" value="Java Virtual Machine Specification"/>
    <property name="user.dir" value="/home/georgejezerniczky/cinema-ticket-java"/>
    <property name="java.vm.compressedOopsMode" value="Zero based"/>
    <property name="java.runtime.version" value="17.0.7+7"/>
    <property name="os.arch" value="amd64"/>
    <property name="java.io.tmpdir" value="/tmp"/>
    <property name="line.separator" value="
"/>
    <property name="java.vm.specification.vendor" value="Oracle Corporation"/>
    <property name="os.name" value="Linux"/>
    <property name="maven.ext.class.path" value="/usr/lib/apache-netbeans/java/maven-nblib/netbeans-eventspy.jar"/>
    <property name="classworlds.conf" value="/usr/lib/apache-netbeans/java/maven/bin/m2.conf"/>
    <property name="sun.jnu.encoding" value="UTF-8"/>
    <property name="java.library.path" value="/usr/java/packages/lib:/usr/lib64:/lib64:/lib:/usr/lib"/>
    <property name="maven.conf" value="/usr/lib/apache-netbeans/java/maven/conf"/>
    <property name="jdk.debug" value="release"/>
    <property name="java.class.version" value="61.0"/>
    <property name="java.specification.name" value="Java Platform API Specification"/>
    <property name="sun.management.compiler" value="HotSpot 64-Bit Tiered Compilers"/>
    <property name="os.version" value="6.4.6-100.fc37.x86_64"/>
    <property name="library.jansi.path" value="/usr/lib/apache-netbeans/java/maven/lib/jansi-native"/>
    <property name="user.home" value="/home/georgejezerniczky"/>
    <property name="user.timezone" value="Europe/London"/>
    <property name="file.encoding" value="UTF-8"/>
    <property name="java.specification.version" value="17"/>
    <property name="user.name" value="georgejezerniczky"/>
    <property name="java.class.path" value="/usr/lib/apache-netbeans/java/maven/boot/plexus-classworlds-2.6.0.jar"/>
    <property name="java.vm.specification.version" value="17"/>
    <property name="sun.arch.data.model" value="64"/>
    <property name="sun.java.command" value="org.codehaus.plexus.classworlds.launcher.Launcher -Dtest=uk.gov.dwp.uc.pairtest.TicketServiceImplTest -Dmaven.ext.class.path=/usr/lib/apache-netbeans/java/maven-nblib/netbeans-eventspy.jar --no-transfer-progress surefire:test"/>
    <property name="java.home" value="/usr/lib/jvm/java-17-openjdk-17.0.7.0.7-5.fc37.x86_64"/>
    <property name="user.language" value="en"/>
    <property name="java.specification.vendor" value="Oracle Corporation"/>
    <property name="java.vm.info" value="mixed mode, sharing"/>
    <property name="java.version" value="17.0.7"/>
    <property name="native.encoding" value="UTF-8"/>
    <property name="java.vendor" value="Red Hat, Inc."/>
    <property name="maven.home" value="/usr/lib/apache-netbeans/java/maven"/>
    <property name="file.separator" value="/"/>
    <property name="java.version.date" value="2023-04-18"/>
    <property name="java.vendor.url.bug" value="https://bugzilla.redhat.com/enter_bug.cgi?product=Fedora&amp;component=java-17-openjdk-portable&amp;version=37"/>
    <property name="sun.io.unicode.encoding" value="UnicodeLittle"/>
    <property name="sun.cpu.endian" value="little"/>
    <property name="java.vendor.version" value="(Red_Hat-17.0.7.0.7-4.fc37)"/>
  </properties>
  <testcase classname="uk.gov.dwp.uc.pairtest.TicketServiceImplTest" name="purchseRequestWithoutAdult" time="0.003"/>
  <testcase classname="uk.gov.dwp.uc.pairtest.TicketServiceImplTest" name="purchseRequestWithoutTickets" time="0.001"/>
  <testcase classname="uk.gov.dwp.uc.pairtest.TicketServiceImplTest" name="successfulTicketPurchaseJustAdult" time="0"/>
  <testcase classname="uk.gov.dwp.uc.pairtest.TicketServiceImplTest" name="requestingMoreInfantTicketThanAdultOne" time="0"/>
  <testcase classname="uk.gov.dwp.uc.pairtest.TicketServiceImplTest" name="successfulTicketPurchaseAdultChildAndInfant" time="0.001"/>
  <testcase classname="uk.gov.dwp.uc.pairtest.TicketServiceImplTest" name="successfulTicketPurchaseAdultAndChild" time="0"/>
  <testcase classname="uk.gov.dwp.uc.pairtest.TicketServiceImplTest" name="requestingMoreTicketThanTheMaximum" time="0.006"/>
</testsuite>